-------------------------------------------------------------------------------
Test set: com.examly.springapp.SpringappApplicationTests
-------------------------------------------------------------------------------
Tests run: 13, Failures: 0, Errors: 3, Skipped: 0, Time elapsed: 16.165 s <<< FAILURE! - in com.examly.springapp.SpringappApplicationTests
getBynameBrandName  Time elapsed: 0.766 s  <<< ERROR!
org.springframework.web.util.NestedServletException: Request processing failed; nested exception is org.springframework.dao.InvalidDataAccessResourceUsageException: could not extract ResultSet; SQL [n/a]; nested exception is org.hibernate.exception.SQLGrammarException: could not extract ResultSet
	at com.examly.springapp.SpringappApplicationTests.getBynameBrandName(SpringappApplicationTests.java:142)
Caused by: org.springframework.dao.InvalidDataAccessResourceUsageException: could not extract ResultSet; SQL [n/a]; nested exception is org.hibernate.exception.SQLGrammarException: could not extract ResultSet
	at com.examly.springapp.SpringappApplicationTests.getBynameBrandName(SpringappApplicationTests.java:142)
Caused by: org.hibernate.exception.SQLGrammarException: could not extract ResultSet
	at com.examly.springapp.SpringappApplicationTests.getBynameBrandName(SpringappApplicationTests.java:142)
Caused by: java.sql.SQLSyntaxErrorException: Table 'test.Crackers' doesn't exist
	at com.examly.springapp.SpringappApplicationTests.getBynameBrandName(SpringappApplicationTests.java:142)

getByName  Time elapsed: 0.022 s  <<< ERROR!
org.springframework.web.util.NestedServletException: Request processing failed; nested exception is org.springframework.dao.InvalidDataAccessResourceUsageException: could not extract ResultSet; SQL [n/a]; nested exception is org.hibernate.exception.SQLGrammarException: could not extract ResultSet
	at com.examly.springapp.SpringappApplicationTests.getByName(SpringappApplicationTests.java:132)
Caused by: org.springframework.dao.InvalidDataAccessResourceUsageException: could not extract ResultSet; SQL [n/a]; nested exception is org.hibernate.exception.SQLGrammarException: could not extract ResultSet
	at com.examly.springapp.SpringappApplicationTests.getByName(SpringappApplicationTests.java:132)
Caused by: org.hibernate.exception.SQLGrammarException: could not extract ResultSet
	at com.examly.springapp.SpringappApplicationTests.getByName(SpringappApplicationTests.java:132)
Caused by: java.sql.SQLSyntaxErrorException: Table 'test.Crackers' doesn't exist
	at com.examly.springapp.SpringappApplicationTests.getByName(SpringappApplicationTests.java:132)

getBybrandName  Time elapsed: 0.089 s  <<< ERROR!
org.springframework.web.util.NestedServletException: Request processing failed; nested exception is org.springframework.dao.InvalidDataAccessResourceUsageException: could not extract ResultSet; SQL [n/a]; nested exception is org.hibernate.exception.SQLGrammarException: could not extract ResultSet
	at com.examly.springapp.SpringappApplicationTests.getBybrandName(SpringappApplicationTests.java:122)
Caused by: org.springframework.dao.InvalidDataAccessResourceUsageException: could not extract ResultSet; SQL [n/a]; nested exception is org.hibernate.exception.SQLGrammarException: could not extract ResultSet
	at com.examly.springapp.SpringappApplicationTests.getBybrandName(SpringappApplicationTests.java:122)
Caused by: org.hibernate.exception.SQLGrammarException: could not extract ResultSet
	at com.examly.springapp.SpringappApplicationTests.getBybrandName(SpringappApplicationTests.java:122)
Caused by: java.sql.SQLSyntaxErrorException: Table 'test.Crackers' doesn't exist
	at com.examly.springapp.SpringappApplicationTests.getBybrandName(SpringappApplicationTests.java:122)

